<?xml version="1.0" encoding="UTF-8"?>
<!-- Generated by org.testng.reporters.JUnitReportReporter -->
<testsuite skipped="0" hostname="DESKTOP-QDUK6J8" name="tests.Exptest" tests="7" failures="0" timestamp="12 сен 2017 20:03:18 GMT" time="2.599" errors="0">
  <testcase name="getExperience" time="2.513" classname="tests.Exptest"/>
  <testcase name="updateExperience" time="0.009" classname="tests.Exptest"/>
  <testcase name="getExperiencesByFeatureEmpty" time="0.009" classname="tests.Exptest"/>
  <testcase name="addExperience" time="0.029" classname="tests.Exptest"/>
  <testcase name="getAllExperiences" time="0.020" classname="tests.Exptest"/>
  <testcase name="deleteExperience" time="0.010" classname="tests.Exptest"/>
  <testcase name="getExperiencesByFeatureFull" time="0.009" classname="tests.Exptest"/>
</testsuite> <!-- tests.Exptest -->
